# JRE version: Java(TM) SE Runtime Environment (8.0_25-b18) (build 1.8.0_25-b18)
# Java VM: Java HotSpot(TM) 64-Bit Server VM (25.25-b02 mixed mode windows-amd64 compressed oops)
Heap:
 PSYoungGen      total 262656K, used 194028K [0x00000000eab00000, 0x0000000100000000, 0x0000000100000000)
  eden space 176128K, 100% used [0x00000000eab00000,0x00000000f5700000,0x00000000f5700000)
  from space 86528K, 20% used [0x00000000f5700000,0x00000000f687b010,0x00000000fab80000)
  to   space 82432K, 26% used [0x00000000faf80000,0x00000000fc4f8000,0x0000000100000000)
 ParOldGen       total 299008K, used 240744K [0x00000000c0000000, 0x00000000d2400000, 0x00000000eab00000)
  object space 299008K, 80% used [0x00000000c0000000,0x00000000ceb1a240,0x00000000d2400000)
 Metaspace       used 9540K, capacity 9718K, committed 9984K, reserved 1058816K
  class space    used 1105K, capacity 1155K, committed 1280K, reserved 1048576K
GC Heap History (10 events):
Event: 12.768 GC heap after
Heap after GC invocations=17 (full 3):
 PSYoungGen      total 288768K, used 28076K [0x00000000eab00000, 0x0000000100000000, 0x0000000100000000)
  eden space 252928K, 0% used [0x00000000eab00000,0x00000000eab00000,0x00000000fa200000)
  from space 35840K, 78% used [0x00000000fdd00000,0x00000000ff86b010,0x0000000100000000)
  to   space 48128K, 0% used [0x00000000fa200000,0x00000000fa200000,0x00000000fd100000)
 ParOldGen       total 207360K, used 154219K [0x00000000c0000000, 0x00000000cca80000, 0x00000000eab00000)
  object space 207360K, 74% used [0x00000000c0000000,0x00000000c969acb8,0x00000000cca80000)
 Metaspace       used 9540K, capacity 9718K, committed 9984K, reserved 1058816K
  class space    used 1105K, capacity 1155K, committed 1280K, reserved 1048576K
}
Event: 13.338 GC heap before
{Heap before GC invocations=18 (full 3):
 PSYoungGen      total 288768K, used 281004K [0x00000000eab00000, 0x0000000100000000, 0x0000000100000000)
  eden space 252928K, 100% used [0x00000000eab00000,0x00000000fa200000,0x00000000fa200000)
  from space 35840K, 78% used [0x00000000fdd00000,0x00000000ff86b010,0x0000000100000000)
  to   space 48128K, 0% used [0x00000000fa200000,0x00000000fa200000,0x00000000fd100000)
 ParOldGen       total 207360K, used 154221K [0x00000000c0000000, 0x00000000cca80000, 0x00000000eab00000)
  object space 207360K, 74% used [0x00000000c0000000,0x00000000c969b420,0x00000000cca80000)
 Metaspace       used 9540K, capacity 9718K, committed 9984K, reserved 1058816K
  class space    used 1105K, capacity 1155K, committed 1280K, reserved 1048576K
Event: 13.826 GC heap after
Heap after GC invocations=18 (full 3):
 PSYoungGen      total 301056K, used 48128K [0x00000000eab00000, 0x0000000100000000, 0x0000000100000000)
  eden space 252928K, 0% used [0x00000000eab00000,0x00000000eab00000,0x00000000fa200000)
  from space 48128K, 100% used [0x00000000fa200000,0x00000000fd100000,0x00000000fd100000)
  to   space 48128K, 0% used [0x00000000fd100000,0x00000000fd100000,0x0000000100000000)
 ParOldGen       total 207360K, used 159133K [0x00000000c0000000, 0x00000000cca80000, 0x00000000eab00000)
  object space 207360K, 76% used [0x00000000c0000000,0x00000000c9b67420,0x00000000cca80000)
 Metaspace       used 9540K, capacity 9718K, committed 9984K, reserved 1058816K
  class space    used 1105K, capacity 1155K, committed 1280K, reserved 1048576K
}
Event: 14.313 GC heap before
{Heap before GC invocations=19 (full 3):
 PSYoungGen      total 301056K, used 301056K [0x00000000eab00000, 0x0000000100000000, 0x0000000100000000)
  eden space 252928K, 100% used [0x00000000eab00000,0x00000000fa200000,0x00000000fa200000)
  from space 48128K, 100% used [0x00000000fa200000,0x00000000fd100000,0x00000000fd100000)
  to   space 48128K, 0% used [0x00000000fd100000,0x00000000fd100000,0x0000000100000000)
 ParOldGen       total 207360K, used 159133K [0x00000000c0000000, 0x00000000cca80000, 0x00000000eab00000)
  object space 207360K, 76% used [0x00000000c0000000,0x00000000c9b67420,0x00000000cca80000)
 Metaspace       used 9540K, capacity 9718K, committed 9984K, reserved 1058816K
  class space    used 1105K, capacity 1155K, committed 1280K, reserved 1048576K
Event: 14.852 GC heap after
Heap after GC invocations=19 (full 3):
 PSYoungGen      total 224256K, used 48119K [0x00000000eab00000, 0x0000000100000000, 0x0000000100000000)
  eden space 176128K, 0% used [0x00000000eab00000,0x00000000eab00000,0x00000000f5700000)
  from space 48128K, 99% used [0x00000000fd100000,0x00000000ffffdc60,0x0000000100000000)
  to   space 86528K, 0% used [0x00000000f5700000,0x00000000f5700000,0x00000000fab80000)
 ParOldGen       total 217600K, used 217265K [0x00000000c0000000, 0x00000000cd480000, 0x00000000eab00000)
  object space 217600K, 99% used [0x00000000c0000000,0x00000000cd42c430,0x00000000cd480000)
 Metaspace       used 9540K, capacity 9718K, committed 9984K, reserved 1058816K
  class space    used 1105K, capacity 1155K, committed 1280K, reserved 1048576K
}
Event: 14.852 GC heap before
{Heap before GC invocations=20 (full 4):
 PSYoungGen      total 224256K, used 48119K [0x00000000eab00000, 0x0000000100000000, 0x0000000100000000)
  eden space 176128K, 0% used [0x00000000eab00000,0x00000000eab00000,0x00000000f5700000)
  from space 48128K, 99% used [0x00000000fd100000,0x00000000ffffdc60,0x0000000100000000)
  to   space 86528K, 0% used [0x00000000f5700000,0x00000000f5700000,0x00000000fab80000)
 ParOldGen       total 217600K, used 217265K [0x00000000c0000000, 0x00000000cd480000, 0x00000000eab00000)
  object space 217600K, 99% used [0x00000000c0000000,0x00000000cd42c430,0x00000000cd480000)
 Metaspace       used 9540K, capacity 9718K, committed 9984K, reserved 1058816K
  class space    used 1105K, capacity 1155K, committed 1280K, reserved 1048576K
Event: 17.081 GC heap after
Heap after GC invocations=20 (full 4):
 PSYoungGen      total 224256K, used 48107K [0x00000000eab00000, 0x0000000100000000, 0x0000000100000000)
  eden space 176128K, 0% used [0x00000000eab00000,0x00000000eab00000,0x00000000f5700000)
  from space 48128K, 99% used [0x00000000fd100000,0x00000000ffffad38,0x0000000100000000)
  to   space 86528K, 0% used [0x00000000f5700000,0x00000000f5700000,0x00000000fab80000)
 ParOldGen       total 299008K, used 192585K [0x00000000c0000000, 0x00000000d2400000, 0x00000000eab00000)
  object space 299008K, 64% used [0x00000000c0000000,0x00000000cbc125e0,0x00000000d2400000)
 Metaspace       used 9540K, capacity 9718K, committed 9984K, reserved 1058816K
  class space    used 1105K, capacity 1155K, committed 1280K, reserved 1048576K
}
Event: 17.538 GC heap before
{Heap before GC invocations=21 (full 4):
 PSYoungGen      total 224256K, used 224235K [0x00000000eab00000, 0x0000000100000000, 0x0000000100000000)
  eden space 176128K, 100% used [0x00000000eab00000,0x00000000f5700000,0x00000000f5700000)
  from space 48128K, 99% used [0x00000000fd100000,0x00000000ffffad38,0x0000000100000000)
  to   space 86528K, 0% used [0x00000000f5700000,0x00000000f5700000,0x00000000fab80000)
 ParOldGen       total 299008K, used 192585K [0x00000000c0000000, 0x00000000d2400000, 0x00000000eab00000)
  object space 299008K, 64% used [0x00000000c0000000,0x00000000cbc125e0,0x00000000d2400000)
 Metaspace       used 9540K, capacity 9718K, committed 9984K, reserved 1058816K
  class space    used 1105K, capacity 1155K, committed 1280K, reserved 1048576K
Event: 17.875 GC heap after
Heap after GC invocations=21 (full 4):
 PSYoungGen      total 262656K, used 17900K [0x00000000eab00000, 0x0000000100000000, 0x0000000100000000)
  eden space 176128K, 0% used [0x00000000eab00000,0x00000000eab00000,0x00000000f5700000)
  from space 86528K, 20% used [0x00000000f5700000,0x00000000f687b010,0x00000000fab80000)
  to   space 82432K, 0% used [0x00000000faf80000,0x00000000faf80000,0x0000000100000000)
 ParOldGen       total 299008K, used 240744K [0x00000000c0000000, 0x00000000d2400000, 0x00000000eab00000)
  object space 299008K, 80% used [0x00000000c0000000,0x00000000ceb1a240,0x00000000d2400000)
 Metaspace       used 9540K, capacity 9718K, committed 9984K, reserved 1058816K
  class space    used 1105K, capacity 1155K, committed 1280K, reserved 1048576K
}
Event: 18.184 GC heap before
{Heap before GC invocations=22 (full 4):
 PSYoungGen      total 262656K, used 194028K [0x00000000eab00000, 0x0000000100000000, 0x0000000100000000)
  eden space 176128K, 100% used [0x00000000eab00000,0x00000000f5700000,0x00000000f5700000)
  from space 86528K, 20% used [0x00000000f5700000,0x00000000f687b010,0x00000000fab80000)
  to   space 82432K, 0% used [0x00000000faf80000,0x00000000faf80000,0x0000000100000000)
 ParOldGen       total 299008K, used 240744K [0x00000000c0000000, 0x00000000d2400000, 0x00000000eab00000)
  object space 299008K, 80% used [0x00000000c0000000,0x00000000ceb1a240,0x00000000d2400000)
 Metaspace       used 9540K, capacity 9718K, committed 9984K, reserved 1058816K
  class space    used 1105K, capacity 1155K, committed 1280K, reserved 1048576K

